<?xml version="1.0" encoding="UTF-8"?>
<testng-results ignored="0" total="6" passed="6" failed="0" skipped="0">
  <reporter-output>
  </reporter-output>
  <suite started-at="2022-09-29T22:54:34 IST" name="Suite" finished-at="2022-09-29T23:01:52 IST" duration-ms="437881">
    <groups>
    </groups>
    <test started-at="2022-09-29T22:54:34 IST" name="ChromeTest" finished-at="2022-09-29T22:57:35 IST" duration-ms="180620">
      <class name="FaceBook.VerifyLoginButton">
        <test-method is-config="true" signature="openBrowser(java.lang.String)[pri:0, instance:FaceBook.VerifyLoginButton@6b927fb]" started-at="2022-09-29T22:54:38 IST" name="openBrowser" finished-at="2022-09-29T22:54:41 IST" duration-ms="2360" status="PASS">
          <params>
            <param index="0">
              <value>
                <![CDATA[Chrome]]>
              </value>
            </param>
          </params>
          <reporter-output>
          </reporter-output>
        </test-method> <!-- openBrowser -->
        <test-method is-config="true" signature="openBrowser()[pri:0, instance:FaceBook.VerifyLoginButton@6b927fb]" started-at="2022-09-29T22:54:41 IST" name="openBrowser" finished-at="2022-09-29T22:54:43 IST" duration-ms="2630" status="PASS">
          <reporter-output>
          </reporter-output>
        </test-method> <!-- openBrowser -->
        <test-method is-config="true" signature="openLoginPage()[pri:0, instance:FaceBook.VerifyLoginButton@6b927fb]" started-at="2022-09-29T22:54:43 IST" name="openLoginPage" finished-at="2022-09-29T22:55:06 IST" duration-ms="22798" status="PASS">
          <reporter-output>
          </reporter-output>
        </test-method> <!-- openLoginPage -->
        <test-method signature="VerifyLoginIn()[pri:0, instance:FaceBook.VerifyLoginButton@6b927fb]" started-at="2022-09-29T22:55:06 IST" name="VerifyLoginIn" finished-at="2022-09-29T22:57:32 IST" duration-ms="146072" status="PASS">
          <reporter-output>
          </reporter-output>
        </test-method> <!-- VerifyLoginIn -->
        <test-method is-config="true" signature="logoutFromApplication(org.testng.ITestResult)[pri:0, instance:FaceBook.VerifyLoginButton@6b927fb]" started-at="2022-09-29T22:57:32 IST" name="logoutFromApplication" finished-at="2022-09-29T22:57:32 IST" duration-ms="2" status="PASS">
          <params>
            <param index="0">
              <value>
                <![CDATA[[TestResult name=VerifyLoginIn status=SUCCESS method=VerifyLoginButton.VerifyLoginIn()[pri:0, instance:FaceBook.VerifyLoginButton@6b927fb] output={null}]]]>
              </value>
            </param>
          </params>
          <reporter-output>
          </reporter-output>
        </test-method> <!-- logoutFromApplication -->
        <test-method is-config="true" signature="closeBrowser()[pri:0, instance:FaceBook.VerifyLoginButton@6b927fb]" started-at="2022-09-29T22:57:32 IST" name="closeBrowser" finished-at="2022-09-29T22:57:35 IST" duration-ms="2468" status="PASS">
          <reporter-output>
          </reporter-output>
        </test-method> <!-- closeBrowser -->
      </class> <!-- FaceBook.VerifyLoginButton -->
      <class name="FaceBook.TestNg">
        <test-method is-config="true" signature="openBrowser(java.lang.String)[pri:0, instance:FaceBook.TestNg@294425a7]" started-at="2022-09-29T22:54:34 IST" name="openBrowser" finished-at="2022-09-29T22:54:38 IST" duration-ms="4014" status="PASS">
          <params>
            <param index="0">
              <value>
                <![CDATA[Chrome]]>
              </value>
            </param>
          </params>
          <reporter-output>
          </reporter-output>
        </test-method> <!-- openBrowser -->
        <test-method is-config="true" signature="beforeClass()[pri:0, instance:FaceBook.TestNg@294425a7]" started-at="2022-09-29T22:54:41 IST" name="beforeClass" finished-at="2022-09-29T22:54:41 IST" duration-ms="5" status="PASS">
          <reporter-output>
          </reporter-output>
        </test-method> <!-- beforeClass -->
        <test-method is-config="true" signature="beforeMethod()[pri:0, instance:FaceBook.TestNg@294425a7]" started-at="2022-09-29T22:54:41 IST" name="beforeMethod" finished-at="2022-09-29T22:54:41 IST" duration-ms="1" status="PASS">
          <reporter-output>
          </reporter-output>
        </test-method> <!-- beforeMethod -->
        <test-method signature="test1()[pri:0, instance:FaceBook.TestNg@294425a7]" started-at="2022-09-29T22:54:41 IST" name="test1" finished-at="2022-09-29T22:54:41 IST" duration-ms="36" status="PASS">
          <reporter-output>
          </reporter-output>
        </test-method> <!-- test1 -->
        <test-method is-config="true" signature="afterMethod()[pri:0, instance:FaceBook.TestNg@294425a7]" started-at="2022-09-29T22:54:41 IST" name="afterMethod" finished-at="2022-09-29T22:54:41 IST" duration-ms="1" status="PASS">
          <reporter-output>
          </reporter-output>
        </test-method> <!-- afterMethod -->
        <test-method is-config="true" signature="beforeMethod()[pri:0, instance:FaceBook.TestNg@294425a7]" started-at="2022-09-29T22:54:41 IST" name="beforeMethod" finished-at="2022-09-29T22:54:41 IST" duration-ms="2" status="PASS">
          <reporter-output>
          </reporter-output>
        </test-method> <!-- beforeMethod -->
        <test-method signature="test2()[pri:0, instance:FaceBook.TestNg@294425a7]" started-at="2022-09-29T22:54:41 IST" name="test2" finished-at="2022-09-29T22:54:41 IST" duration-ms="2" status="PASS">
          <reporter-output>
          </reporter-output>
        </test-method> <!-- test2 -->
        <test-method is-config="true" signature="afterMethod()[pri:0, instance:FaceBook.TestNg@294425a7]" started-at="2022-09-29T22:54:41 IST" name="afterMethod" finished-at="2022-09-29T22:54:41 IST" duration-ms="0" status="PASS">
          <reporter-output>
          </reporter-output>
        </test-method> <!-- afterMethod -->
        <test-method is-config="true" signature="afterClass()[pri:0, instance:FaceBook.TestNg@294425a7]" started-at="2022-09-29T22:54:41 IST" name="afterClass" finished-at="2022-09-29T22:54:41 IST" duration-ms="1" status="PASS">
          <reporter-output>
          </reporter-output>
        </test-method> <!-- afterClass -->
        <test-method is-config="true" signature="closeBrowser1()[pri:0, instance:FaceBook.TestNg@294425a7]" started-at="2022-09-29T22:57:35 IST" name="closeBrowser1" finished-at="2022-09-29T22:57:35 IST" duration-ms="177" status="PASS">
          <reporter-output>
          </reporter-output>
        </test-method> <!-- closeBrowser1 -->
      </class> <!-- FaceBook.TestNg -->
    </test> <!-- ChromeTest -->
    <test started-at="2022-09-29T22:57:35 IST" name="FirefoxTest" finished-at="2022-09-29T23:01:52 IST" duration-ms="257192">
      <class name="FaceBook.VerifyLoginButton">
        <test-method is-config="true" signature="openBrowser(java.lang.String)[pri:0, instance:FaceBook.VerifyLoginButton@6cf0e0ba]" started-at="2022-09-29T22:57:40 IST" name="openBrowser" finished-at="2022-09-29T22:57:45 IST" duration-ms="4758" status="PASS">
          <params>
            <param index="0">
              <value>
                <![CDATA[Firefox]]>
              </value>
            </param>
          </params>
          <reporter-output>
          </reporter-output>
        </test-method> <!-- openBrowser -->
        <test-method is-config="true" signature="openBrowser()[pri:0, instance:FaceBook.VerifyLoginButton@6cf0e0ba]" started-at="2022-09-29T22:57:45 IST" name="openBrowser" finished-at="2022-09-29T22:57:47 IST" duration-ms="2402" status="PASS">
          <reporter-output>
          </reporter-output>
        </test-method> <!-- openBrowser -->
        <test-method is-config="true" signature="openLoginPage()[pri:0, instance:FaceBook.VerifyLoginButton@6cf0e0ba]" started-at="2022-09-29T22:57:47 IST" name="openLoginPage" finished-at="2022-09-29T22:58:27 IST" duration-ms="39982" status="PASS">
          <reporter-output>
          </reporter-output>
        </test-method> <!-- openLoginPage -->
        <test-method signature="VerifyLoginIn()[pri:0, instance:FaceBook.VerifyLoginButton@6cf0e0ba]" started-at="2022-09-29T22:58:27 IST" name="VerifyLoginIn" finished-at="2022-09-29T23:01:51 IST" duration-ms="203535" status="PASS">
          <reporter-output>
          </reporter-output>
        </test-method> <!-- VerifyLoginIn -->
        <test-method is-config="true" signature="logoutFromApplication(org.testng.ITestResult)[pri:0, instance:FaceBook.VerifyLoginButton@6cf0e0ba]" started-at="2022-09-29T23:01:51 IST" name="logoutFromApplication" finished-at="2022-09-29T23:01:51 IST" duration-ms="3" status="PASS">
          <params>
            <param index="0">
              <value>
                <![CDATA[[TestResult name=VerifyLoginIn status=SUCCESS method=VerifyLoginButton.VerifyLoginIn()[pri:0, instance:FaceBook.VerifyLoginButton@6cf0e0ba] output={null}]]]>
              </value>
            </param>
          </params>
          <reporter-output>
          </reporter-output>
        </test-method> <!-- logoutFromApplication -->
        <test-method is-config="true" signature="closeBrowser()[pri:0, instance:FaceBook.VerifyLoginButton@6cf0e0ba]" started-at="2022-09-29T23:01:51 IST" name="closeBrowser" finished-at="2022-09-29T23:01:51 IST" duration-ms="265" status="PASS">
          <reporter-output>
          </reporter-output>
        </test-method> <!-- closeBrowser -->
      </class> <!-- FaceBook.VerifyLoginButton -->
      <class name="FaceBook.TestNg">
        <test-method is-config="true" signature="openBrowser(java.lang.String)[pri:0, instance:FaceBook.TestNg@7d8995e]" started-at="2022-09-29T22:57:35 IST" name="openBrowser" finished-at="2022-09-29T22:57:40 IST" duration-ms="5107" status="PASS">
          <params>
            <param index="0">
              <value>
                <![CDATA[Firefox]]>
              </value>
            </param>
          </params>
          <reporter-output>
          </reporter-output>
        </test-method> <!-- openBrowser -->
        <test-method is-config="true" signature="beforeClass()[pri:0, instance:FaceBook.TestNg@7d8995e]" started-at="2022-09-29T22:57:45 IST" name="beforeClass" finished-at="2022-09-29T22:57:45 IST" duration-ms="1" status="PASS">
          <reporter-output>
          </reporter-output>
        </test-method> <!-- beforeClass -->
        <test-method signature="test1()[pri:0, instance:FaceBook.TestNg@7d8995e]" started-at="2022-09-29T22:57:45 IST" name="test1" finished-at="2022-09-29T22:57:45 IST" duration-ms="3" status="PASS">
          <reporter-output>
          </reporter-output>
        </test-method> <!-- test1 -->
        <test-method is-config="true" signature="beforeMethod()[pri:0, instance:FaceBook.TestNg@7d8995e]" started-at="2022-09-29T22:57:45 IST" name="beforeMethod" finished-at="2022-09-29T22:57:45 IST" duration-ms="0" status="PASS">
          <reporter-output>
          </reporter-output>
        </test-method> <!-- beforeMethod -->
        <test-method is-config="true" signature="afterMethod()[pri:0, instance:FaceBook.TestNg@7d8995e]" started-at="2022-09-29T22:57:45 IST" name="afterMethod" finished-at="2022-09-29T22:57:45 IST" duration-ms="0" status="PASS">
          <reporter-output>
          </reporter-output>
        </test-method> <!-- afterMethod -->
        <test-method is-config="true" signature="beforeMethod()[pri:0, instance:FaceBook.TestNg@7d8995e]" started-at="2022-09-29T22:57:45 IST" name="beforeMethod" finished-at="2022-09-29T22:57:45 IST" duration-ms="2" status="PASS">
          <reporter-output>
          </reporter-output>
        </test-method> <!-- beforeMethod -->
        <test-method signature="test2()[pri:0, instance:FaceBook.TestNg@7d8995e]" started-at="2022-09-29T22:57:45 IST" name="test2" finished-at="2022-09-29T22:57:45 IST" duration-ms="5" status="PASS">
          <reporter-output>
          </reporter-output>
        </test-method> <!-- test2 -->
        <test-method is-config="true" signature="afterMethod()[pri:0, instance:FaceBook.TestNg@7d8995e]" started-at="2022-09-29T22:57:45 IST" name="afterMethod" finished-at="2022-09-29T22:57:45 IST" duration-ms="3" status="PASS">
          <reporter-output>
          </reporter-output>
        </test-method> <!-- afterMethod -->
        <test-method is-config="true" signature="afterClass()[pri:0, instance:FaceBook.TestNg@7d8995e]" started-at="2022-09-29T22:57:45 IST" name="afterClass" finished-at="2022-09-29T22:57:45 IST" duration-ms="0" status="PASS">
          <reporter-output>
          </reporter-output>
        </test-method> <!-- afterClass -->
        <test-method is-config="true" signature="closeBrowser1()[pri:0, instance:FaceBook.TestNg@7d8995e]" started-at="2022-09-29T23:01:51 IST" name="closeBrowser1" finished-at="2022-09-29T23:01:52 IST" duration-ms="1117" status="PASS">
          <reporter-output>
          </reporter-output>
        </test-method> <!-- closeBrowser1 -->
      </class> <!-- FaceBook.TestNg -->
    </test> <!-- FirefoxTest -->
  </suite> <!-- Suite -->
</testng-results>
