<?xml version="1.0" encoding="UTF-8"?>
<!-- Generated by org.testng.reporters.JUnitXMLReporter -->
<testsuite ignored="0" hostname="PSK126" failures="0" tests="3" name="ChromeTest" time="105.063" errors="0" timestamp="2022-09-26T22:29:53 IST">
  <testcase classname="FaceBook.TestNg" name="test1" time="0.011"/>
  <testcase classname="FaceBook.TestNg" name="test2" time="0.003"/>
  <testcase classname="FaceBook.VerifyLoginButton" name="VerifyLoginIn" time="69.908"/>
</testsuite> <!-- ChromeTest -->
