<?xml version="1.0" encoding="UTF-8"?>
<!-- Generated by org.testng.reporters.JUnitXMLReporter -->
<testsuite ignored="0" hostname="PSK126" failures="0" tests="3" name="ChromeTest" time="180.62" errors="0" timestamp="2022-09-29T22:57:35 IST">
  <testcase classname="FaceBook.TestNg" name="test1" time="0.036"/>
  <testcase classname="FaceBook.TestNg" name="test2" time="0.002"/>
  <testcase classname="FaceBook.VerifyLoginButton" name="VerifyLoginIn" time="146.072"/>
</testsuite> <!-- ChromeTest -->
