<?xml version="1.0" encoding="UTF-8"?>
<!-- Generated by org.testng.reporters.JUnitXMLReporter -->
<testsuite ignored="0" hostname="PSK126" failures="0" tests="3" name="FirefoxTest" time="257.192" errors="0" timestamp="2022-09-29T23:01:52 IST">
  <testcase classname="FaceBook.TestNg" name="test1" time="0.003"/>
  <testcase classname="FaceBook.TestNg" name="test2" time="0.005"/>
  <testcase classname="FaceBook.VerifyLoginButton" name="VerifyLoginIn" time="203.535"/>
</testsuite> <!-- FirefoxTest -->
